[logsAndroid_Pixel 5 INFO ] 2022-07-11 21:39:20.358 BaseTest:221 - log path: logs\Android_Pixel 5
[logsAndroid_Pixel 5 INFO ] 2022-07-11 21:39:20.374 BaseTest:228 - load config.properties
[logsAndroid_Pixel 5 INFO ] 2022-07-11 21:39:20.379 BaseTest:233 - load strings/strings.xml
[logsAndroid_Pixel 5 INFO ] 2022-07-11 21:39:20.398 BaseTest:258 - appUrl isC:\Users\ASUS\eclipse-workspace\AllInOneProject\src\test\resources\app\Android.SauceLabs.Mobile.Sample.app.2.2.1.apk
[logsAndroid_Pixel 5 FATAL] 2022-07-11 21:39:22.808 BaseTest:283 - driver initialization failure. ABORT!!!
org.openqa.selenium.SessionNotCreatedException: Unable to create a new remote session. Please check the server log for more details. Original error: An unknown server-side error occurred while processing the command. Original error: Avd 'Pixel 5' is not available. Please select your avd name from one of these: 'Pixel_5'
Build info: version: '3.141.59', revision: 'e82be7d358', time: '2018-11-14T08:17:03'
System info: host: 'LAPTOP-EOK2EVU3', ip: '192.168.1.4', os.name: 'Windows 10', os.arch: 'amd64', os.version: '10.0', java.version: '11.0.15'
Driver info: driver.version: AndroidDriver
remote stacktrace: UnknownError: An unknown server-side error occurred while processing the command. Original error: Avd 'Pixel 5' is not available. Please select your avd name from one of these: 'Pixel_5'
    at getResponseForW3CError (C:\Users\ASUS\AppData\Roaming\npm\node_modules\appium\node_modules\appium-base-driver\lib\protocol\errors.js:804:9)
    at asyncHandler (C:\Users\ASUS\AppData\Roaming\npm\node_modules\appium\node_modules\appium-base-driver\lib\protocol\protocol.js:380:37)
Build info: version: '3.141.59', revision: 'e82be7d358', time: '2018-11-14T08:17:03'
System info: host: 'LAPTOP-EOK2EVU3', ip: '192.168.1.4', os.name: 'Windows 10', os.arch: 'amd64', os.version: '10.0', java.version: '11.0.15'
Driver info: driver.version: AndroidDriver
[logsAndroid_Pixel 5 INFO ] 2022-07-11 21:43:02.316 BaseTest:221 - log path: logs\Android_Pixel 5
[logsAndroid_Pixel 5 INFO ] 2022-07-11 21:43:02.321 BaseTest:228 - load config.properties
[logsAndroid_Pixel 5 INFO ] 2022-07-11 21:43:02.323 BaseTest:233 - load strings/strings.xml
[logsAndroid_Pixel 5 INFO ] 2022-07-11 21:43:02.331 BaseTest:258 - appUrl isC:\Users\ASUS\eclipse-workspace\AllInOneProject\src\test\resources\app\Android.SauceLabs.Mobile.Sample.app.2.2.1.apk
[logsAndroid_Pixel 5 FATAL] 2022-07-11 21:43:05.268 BaseTest:283 - driver initialization failure. ABORT!!!
org.openqa.selenium.SessionNotCreatedException: Unable to create a new remote session. Please check the server log for more details. Original error: An unknown server-side error occurred while processing the command. Original error: Avd 'Pixel 5' is not available. Please select your avd name from one of these: 'Pixel_5'
Build info: version: '3.141.59', revision: 'e82be7d358', time: '2018-11-14T08:17:03'
System info: host: 'LAPTOP-EOK2EVU3', ip: '192.168.1.4', os.name: 'Windows 10', os.arch: 'amd64', os.version: '10.0', java.version: '11.0.15'
Driver info: driver.version: AndroidDriver
remote stacktrace: UnknownError: An unknown server-side error occurred while processing the command. Original error: Avd 'Pixel 5' is not available. Please select your avd name from one of these: 'Pixel_5'
    at getResponseForW3CError (C:\Users\ASUS\AppData\Roaming\npm\node_modules\appium\node_modules\appium-base-driver\lib\protocol\errors.js:804:9)
    at asyncHandler (C:\Users\ASUS\AppData\Roaming\npm\node_modules\appium\node_modules\appium-base-driver\lib\protocol\protocol.js:380:37)
Build info: version: '3.141.59', revision: 'e82be7d358', time: '2018-11-14T08:17:03'
System info: host: 'LAPTOP-EOK2EVU3', ip: '192.168.1.4', os.name: 'Windows 10', os.arch: 'amd64', os.version: '10.0', java.version: '11.0.15'
Driver info: driver.version: AndroidDriver
[logsAndroid_Pixel 5 INFO ] 2022-07-11 21:43:45.741 BaseTest:221 - log path: logs\Android_Pixel 5
[logsAndroid_Pixel 5 INFO ] 2022-07-11 21:43:45.756 BaseTest:228 - load config.properties
[logsAndroid_Pixel 5 INFO ] 2022-07-11 21:43:45.760 BaseTest:233 - load strings/strings.xml
[logsAndroid_Pixel 5 INFO ] 2022-07-11 21:43:45.778 BaseTest:258 - appUrl isC:\Users\ASUS\eclipse-workspace\AllInOneProject\src\test\resources\app\Android.SauceLabs.Mobile.Sample.app.2.2.1.apk
[logsAndroid_Pixel 5 FATAL] 2022-07-11 21:43:48.164 BaseTest:283 - driver initialization failure. ABORT!!!
org.openqa.selenium.SessionNotCreatedException: Unable to create a new remote session. Please check the server log for more details. Original error: An unknown server-side error occurred while processing the command. Original error: Avd 'Pixel 5' is not available. Please select your avd name from one of these: 'Pixel_5'
Build info: version: '3.141.59', revision: 'e82be7d358', time: '2018-11-14T08:17:03'
System info: host: 'LAPTOP-EOK2EVU3', ip: '192.168.1.4', os.name: 'Windows 10', os.arch: 'amd64', os.version: '10.0', java.version: '11.0.15'
Driver info: driver.version: AndroidDriver
remote stacktrace: UnknownError: An unknown server-side error occurred while processing the command. Original error: Avd 'Pixel 5' is not available. Please select your avd name from one of these: 'Pixel_5'
    at getResponseForW3CError (C:\Users\ASUS\AppData\Roaming\npm\node_modules\appium\node_modules\appium-base-driver\lib\protocol\errors.js:804:9)
    at asyncHandler (C:\Users\ASUS\AppData\Roaming\npm\node_modules\appium\node_modules\appium-base-driver\lib\protocol\protocol.js:380:37)
Build info: version: '3.141.59', revision: 'e82be7d358', time: '2018-11-14T08:17:03'
System info: host: 'LAPTOP-EOK2EVU3', ip: '192.168.1.4', os.name: 'Windows 10', os.arch: 'amd64', os.version: '10.0', java.version: '11.0.15'
Driver info: driver.version: AndroidDriver
